# JRE version: Java(TM) SE Runtime Environment (8.0_181-b13) (build 1.8.0_181-b13)
# Java VM: Java HotSpot(TM) 64-Bit Server VM (25.181-b13 mixed mode windows-amd64 compressed oops)
Heap:
 PSYoungGen      total 144896K, used 37119K [0x000000076b800000, 0x0000000778580000, 0x00000007c0000000)
  eden space 132608K, 23% used [0x000000076b800000,0x000000076d662f20,0x0000000773980000)
  from space 12288K, 48% used [0x0000000773980000,0x0000000773f5ce58,0x0000000774580000)
  to   space 12288K, 0% used [0x0000000777980000,0x0000000777980000,0x0000000778580000)
 ParOldGen       total 173568K, used 13978K [0x00000006c2800000, 0x00000006cd180000, 0x000000076b800000)
  object space 173568K, 8% used [0x00000006c2800000,0x00000006c35a6900,0x00000006cd180000)
 Metaspace       used 39806K, capacity 42670K, committed 42792K, reserved 1085440K
  class space    used 5410K, capacity 5903K, committed 5928K, reserved 1048576K
GC Heap History (10 events):
Event: 2.409 GC heap before
{Heap before GC invocations=5 (full 1):
 PSYoungGen      total 75776K, used 71796K [0x000000076b800000, 0x0000000772680000, 0x00000007c0000000)
  eden space 65024K, 100% used [0x000000076b800000,0x000000076f780000,0x000000076f780000)
  from space 10752K, 62% used [0x000000076f780000,0x000000076fe1d320,0x0000000770200000)
  to   space 10752K, 0% used [0x0000000771c00000,0x0000000771c00000,0x0000000772680000)
 ParOldGen       total 112128K, used 9729K [0x00000006c2800000, 0x00000006c9580000, 0x000000076b800000)
  object space 112128K, 8% used [0x00000006c2800000,0x00000006c3180750,0x00000006c9580000)
 Metaspace       used 26191K, capacity 28046K, committed 28080K, reserved 1073152K
  class space    used 3381K, capacity 3735K, committed 3760K, reserved 1048576K
Event: 2.413 GC heap after
Heap after GC invocations=5 (full 1):
 PSYoungGen      total 102400K, used 6209K [0x000000076b800000, 0x0000000772780000, 0x00000007c0000000)
  eden space 91648K, 0% used [0x000000076b800000,0x000000076b800000,0x0000000771180000)
  from space 10752K, 57% used [0x0000000771c00000,0x0000000772210730,0x0000000772680000)
  to   space 10752K, 0% used [0x0000000771180000,0x0000000771180000,0x0000000771c00000)
 ParOldGen       total 112128K, used 9737K [0x00000006c2800000, 0x00000006c9580000, 0x000000076b800000)
  object space 112128K, 8% used [0x00000006c2800000,0x00000006c3182750,0x00000006c9580000)
 Metaspace       used 26191K, capacity 28046K, committed 28080K, reserved 1073152K
  class space    used 3381K, capacity 3735K, committed 3760K, reserved 1048576K
}
Event: 3.047 GC heap before
{Heap before GC invocations=6 (full 1):
 PSYoungGen      total 102400K, used 97857K [0x000000076b800000, 0x0000000772780000, 0x00000007c0000000)
  eden space 91648K, 100% used [0x000000076b800000,0x0000000771180000,0x0000000771180000)
  from space 10752K, 57% used [0x0000000771c00000,0x0000000772210730,0x0000000772680000)
  to   space 10752K, 0% used [0x0000000771180000,0x0000000771180000,0x0000000771c00000)
 ParOldGen       total 112128K, used 9737K [0x00000006c2800000, 0x00000006c9580000, 0x000000076b800000)
  object space 112128K, 8% used [0x00000006c2800000,0x00000006c3182750,0x00000006c9580000)
 Metaspace       used 30673K, capacity 32834K, committed 33200K, reserved 1077248K
  class space    used 3998K, capacity 4401K, committed 4528K, reserved 1048576K
Event: 3.055 GC heap after
Heap after GC invocations=6 (full 1):
 PSYoungGen      total 102400K, used 10278K [0x000000076b800000, 0x0000000775180000, 0x00000007c0000000)
  eden space 91648K, 0% used [0x000000076b800000,0x000000076b800000,0x0000000771180000)
  from space 10752K, 95% used [0x0000000771180000,0x0000000771b89b20,0x0000000771c00000)
  to   space 12288K, 0% used [0x0000000774580000,0x0000000774580000,0x0000000775180000)
 ParOldGen       total 112128K, used 9745K [0x00000006c2800000, 0x00000006c9580000, 0x000000076b800000)
  object space 112128K, 8% used [0x00000006c2800000,0x00000006c3184750,0x00000006c9580000)
 Metaspace       used 30673K, capacity 32834K, committed 33200K, reserved 1077248K
  class space    used 3998K, capacity 4401K, committed 4528K, reserved 1048576K
}
Event: 3.405 GC heap before
{Heap before GC invocations=7 (full 1):
 PSYoungGen      total 102400K, used 71233K [0x000000076b800000, 0x0000000775180000, 0x00000007c0000000)
  eden space 91648K, 66% used [0x000000076b800000,0x000000076f386bf8,0x0000000771180000)
  from space 10752K, 95% used [0x0000000771180000,0x0000000771b89b20,0x0000000771c00000)
  to   space 12288K, 0% used [0x0000000774580000,0x0000000774580000,0x0000000775180000)
 ParOldGen       total 112128K, used 9745K [0x00000006c2800000, 0x00000006c9580000, 0x000000076b800000)
  object space 112128K, 8% used [0x00000006c2800000,0x00000006c3184750,0x00000006c9580000)
 Metaspace       used 33202K, capacity 35384K, committed 35496K, reserved 1079296K
  class space    used 4548K, capacity 4978K, committed 5032K, reserved 1048576K
Event: 3.411 GC heap after
Heap after GC invocations=7 (full 1):
 PSYoungGen      total 144896K, used 9234K [0x000000076b800000, 0x0000000775480000, 0x00000007c0000000)
  eden space 132608K, 0% used [0x000000076b800000,0x000000076b800000,0x0000000773980000)
  from space 12288K, 75% used [0x0000000774580000,0x0000000774e84b20,0x0000000775180000)
  to   space 12288K, 0% used [0x0000000773980000,0x0000000773980000,0x0000000774580000)
 ParOldGen       total 112128K, used 9753K [0x00000006c2800000, 0x00000006c9580000, 0x000000076b800000)
  object space 112128K, 8% used [0x00000006c2800000,0x00000006c3186750,0x00000006c9580000)
 Metaspace       used 33202K, capacity 35384K, committed 35496K, reserved 1079296K
  class space    used 4548K, capacity 4978K, committed 5032K, reserved 1048576K
}
Event: 3.411 GC heap before
{Heap before GC invocations=8 (full 2):
 PSYoungGen      total 144896K, used 9234K [0x000000076b800000, 0x0000000775480000, 0x00000007c0000000)
  eden space 132608K, 0% used [0x000000076b800000,0x000000076b800000,0x0000000773980000)
  from space 12288K, 75% used [0x0000000774580000,0x0000000774e84b20,0x0000000775180000)
  to   space 12288K, 0% used [0x0000000773980000,0x0000000773980000,0x0000000774580000)
 ParOldGen       total 112128K, used 9753K [0x00000006c2800000, 0x00000006c9580000, 0x000000076b800000)
  object space 112128K, 8% used [0x00000006c2800000,0x00000006c3186750,0x00000006c9580000)
 Metaspace       used 33202K, capacity 35384K, committed 35496K, reserved 1079296K
  class space    used 4548K, capacity 4978K, committed 5032K, reserved 1048576K
Event: 3.437 GC heap after
Heap after GC invocations=8 (full 2):
 PSYoungGen      total 144896K, used 0K [0x000000076b800000, 0x0000000775480000, 0x00000007c0000000)
  eden space 132608K, 0% used [0x000000076b800000,0x000000076b800000,0x0000000773980000)
  from space 12288K, 0% used [0x0000000774580000,0x0000000774580000,0x0000000775180000)
  to   space 12288K, 0% used [0x0000000773980000,0x0000000773980000,0x0000000774580000)
 ParOldGen       total 173568K, used 13962K [0x00000006c2800000, 0x00000006cd180000, 0x000000076b800000)
  object space 173568K, 8% used [0x00000006c2800000,0x00000006c35a28e8,0x00000006cd180000)
 Metaspace       used 33202K, capacity 35384K, committed 35496K, reserved 1079296K
  class space    used 4548K, capacity 4978K, committed 5032K, reserved 1048576K
}
Event: 4.582 GC heap before
{Heap before GC invocations=9 (full 2):
 PSYoungGen      total 144896K, used 132608K [0x000000076b800000, 0x0000000775480000, 0x00000007c0000000)
  eden space 132608K, 100% used [0x000000076b800000,0x0000000773980000,0x0000000773980000)
  from space 12288K, 0% used [0x0000000774580000,0x0000000774580000,0x0000000775180000)
  to   space 12288K, 0% used [0x0000000773980000,0x0000000773980000,0x0000000774580000)
 ParOldGen       total 173568K, used 13962K [0x00000006c2800000, 0x00000006cd180000, 0x000000076b800000)
  object space 173568K, 8% used [0x00000006c2800000,0x00000006c35a28e8,0x00000006cd180000)
 Metaspace       used 38841K, capacity 41280K, committed 41384K, reserved 1085440K
  class space    used 5272K, capacity 5732K, committed 5800K, reserved 1048576K
Event: 4.587 GC heap after
Heap after GC invocations=9 (full 2):
 PSYoungGen      total 144896K, used 6003K [0x000000076b800000, 0x0000000778580000, 0x00000007c0000000)
  eden space 132608K, 0% used [0x000000076b800000,0x000000076b800000,0x0000000773980000)
  from space 12288K, 48% used [0x0000000773980000,0x0000000773f5ce58,0x0000000774580000)
  to   space 12288K, 0% used [0x0000000777980000,0x0000000777980000,0x0000000778580000)
 ParOldGen       total 173568K, used 13978K [0x00000006c2800000, 0x00000006cd180000, 0x000000076b800000)
  object space 173568K, 8% used [0x00000006c2800000,0x00000006c35a6900,0x00000006cd180000)
 Metaspace       used 38841K, capacity 41280K, committed 41384K, reserved 1085440K
  class space    used 5272K, capacity 5732K, committed 5800K, reserved 1048576K
}

